<?xml version="1.0" encoding="UTF-8"?>
<testsuite xmlns:xsi="http://www.w3.org/2001/XMLSchema-instance" xsi:noNamespaceSchemaLocation="https://maven.apache.org/surefire/maven-surefire-plugin/xsd/surefire-test-report.xsd" name="com.ipiecoles.java.java350.service.EmployeServiceIntegrationTest" time="0.613" tests="1" errors="1" skipped="0" failures="0">
  <properties>
[...]
</properties>
  <testcase name="testIntegrationEmbaucheEmploye" classname="com.ipiecoles.java.java350.service.EmployeServiceIntegrationTest" time="0.061">
    <error message="&#10;when() requires an argument which has to be &apos;a method call on a mock&apos;.&#10;For example:&#10;    when(mock.getArticles()).thenReturn(articles);&#10;&#10;Also, this error might show up because:&#10;1. you stub either of: final/private/equals()/hashCode() methods.&#10;   Those methods *cannot* be stubbed/verified.&#10;   Mocking methods declared on non-public parent classes is not supported.&#10;2. inside when() you don&apos;t call method on mock but on some other object.&#10;" type="org.mockito.exceptions.misusing.MissingMethodInvocationException">org.mockito.exceptions.misusing.MissingMethodInvocationException: 

when() requires an argument which has to be 'a method call on a mock'.
For example:
    when(mock.getArticles()).thenReturn(articles);

Also, this error might show up because:
1. you stub either of: final/private/equals()/hashCode() methods.
   Those methods *cannot* be stubbed/verified.
   Mocking methods declared on non-public parent classes is not supported.
2. inside when() you don't call method on mock but on some other object.

	at com.ipiecoles.java.java350.service.EmployeServiceIntegrationTest.testIntegrationEmbaucheEmploye(EmployeServiceIntegrationTest.java:46)
</error>
    <system-out><![CDATA[2019-03-22 09:38:57.630  INFO 2780 --- [           main] .b.t.c.SpringBootTestContextBootstrapper : Neither @ContextConfiguration nor @ContextHierarchy found for test class [com.ipiecoles.java.java350.service.EmployeServiceIntegrationTest], using SpringBootContextLoader
2019-03-22 09:38:57.631  INFO 2780 --- [           main] o.s.t.c.support.AbstractContextLoader    : Could not detect default resource locations for test class [com.ipiecoles.java.java350.service.EmployeServiceIntegrationTest]: no resource found for suffixes {-context.xml, Context.groovy}.
2019-03-22 09:38:57.631  INFO 2780 --- [           main] t.c.s.AnnotationConfigContextLoaderUtils : Could not detect default configuration classes for test class [com.ipiecoles.java.java350.service.EmployeServiceIntegrationTest]: EmployeServiceIntegrationTest does not declare any static, non-private, non-final, nested classes annotated with @Configuration.
2019-03-22 09:38:57.638  INFO 2780 --- [           main] .b.t.c.SpringBootTestContextBootstrapper : Found @SpringBootConfiguration com.ipiecoles.java.java350.Java350Application for test class com.ipiecoles.java.java350.service.EmployeServiceIntegrationTest
2019-03-22 09:38:57.640  INFO 2780 --- [           main] .b.t.c.SpringBootTestContextBootstrapper : Loaded default TestExecutionListener class names from location [META-INF/spring.factories]: [org.springframework.boot.test.mock.mockito.MockitoTestExecutionListener, org.springframework.boot.test.mock.mockito.ResetMocksTestExecutionListener, org.springframework.boot.test.autoconfigure.restdocs.RestDocsTestExecutionListener, org.springframework.boot.test.autoconfigure.web.client.MockRestServiceServerResetTestExecutionListener, org.springframework.boot.test.autoconfigure.web.servlet.MockMvcPrintOnlyOnFailureTestExecutionListener, org.springframework.boot.test.autoconfigure.web.servlet.WebDriverTestExecutionListener, org.springframework.test.context.web.ServletTestExecutionListener, org.springframework.test.context.support.DirtiesContextBeforeModesTestExecutionListener, org.springframework.test.context.support.DependencyInjectionTestExecutionListener, org.springframework.test.context.support.DirtiesContextTestExecutionListener, org.springframework.test.context.transaction.TransactionalTestExecutionListener, org.springframework.test.context.jdbc.SqlScriptsTestExecutionListener]
2019-03-22 09:38:57.640  INFO 2780 --- [           main] .b.t.c.SpringBootTestContextBootstrapper : Using TestExecutionListeners: [org.springframework.test.context.support.DirtiesContextBeforeModesTestExecutionListener@9d2af36, org.springframework.boot.test.mock.mockito.MockitoTestExecutionListener@740ad32e, org.springframework.boot.test.autoconfigure.SpringBootDependencyInjectionTestExecutionListener@7f41d979, org.springframework.test.context.support.DirtiesContextTestExecutionListener@71d0b8a4, org.springframework.test.context.transaction.TransactionalTestExecutionListener@6d6712b7, org.springframework.test.context.jdbc.SqlScriptsTestExecutionListener@4f563f96, org.springframework.boot.test.mock.mockito.ResetMocksTestExecutionListener@3eadad14, org.springframework.boot.test.autoconfigure.restdocs.RestDocsTestExecutionListener@4acc27fd, org.springframework.boot.test.autoconfigure.web.client.MockRestServiceServerResetTestExecutionListener@1feb76b9, org.springframework.boot.test.autoconfigure.web.servlet.MockMvcPrintOnlyOnFailureTestExecutionListener@61bf405d, org.springframework.boot.test.autoconfigure.web.servlet.WebDriverTestExecutionListener@32298473]

  .   ____          _            __ _ _
 /\\ / ___'_ __ _ _(_)_ __  __ _ \ \ \ \
( ( )\___ | '_ | '_| | '_ \/ _` | \ \ \ \
 \\/  ___)| |_)| | | | | || (_| |  ) ) ) )
  '  |____| .__|_| |_|_| |_\__, | / / / /
 =========|_|==============|___/=/_/_/_/
 :: Spring Boot ::        (v2.1.3.RELEASE)

2019-03-22 09:38:57.655  INFO 2780 --- [           main] c.i.j.j.s.EmployeServiceIntegrationTest  : Starting EmployeServiceIntegrationTest on MacBook-Pro-de-severine.local with PID 2780 (started by dev in /Users/dev/Documents/GitHub/350/ipi-java-350-ex-master)
2019-03-22 09:38:57.656  INFO 2780 --- [           main] c.i.j.j.s.EmployeServiceIntegrationTest  : No active profile set, falling back to default profiles: default
2019-03-22 09:38:57.814  INFO 2780 --- [           main] .s.d.r.c.RepositoryConfigurationDelegate : Bootstrapping Spring Data repositories in DEFAULT mode.
2019-03-22 09:38:57.820  INFO 2780 --- [           main] .s.d.r.c.RepositoryConfigurationDelegate : Finished Spring Data repository scanning in 6ms. Found 1 repository interfaces.
2019-03-22 09:38:57.944  INFO 2780 --- [           main] com.zaxxer.hikari.HikariDataSource       : HikariPool-1 - Starting...
2019-03-22 09:38:57.963  INFO 2780 --- [           main] com.zaxxer.hikari.HikariDataSource       : HikariPool-1 - Start completed.
2019-03-22 09:38:57.986  INFO 2780 --- [           main] o.hibernate.jpa.internal.util.LogHelper  : HHH000204: Processing PersistenceUnitInfo [
	name: default
	...]
2019-03-22 09:38:57.990  INFO 2780 --- [           main] org.hibernate.dialect.Dialect            : HHH000400: Using dialect: org.hibernate.dialect.H2Dialect
2019-03-22 09:38:58.007  INFO 2780 --- [           main] o.h.t.schema.internal.SchemaCreatorImpl  : HHH000476: Executing import script 'org.hibernate.tool.schema.internal.exec.ScriptSourceInputNonExistentImpl@38e00b47'
2019-03-22 09:38:58.007  INFO 2780 --- [           main] j.LocalContainerEntityManagerFactoryBean : Initialized JPA EntityManagerFactory for persistence unit 'default'
2019-03-22 09:38:58.076  INFO 2780 --- [           main] o.h.h.i.QueryTranslatorFactoryInitiator  : HHH000397: Using ASTQueryTranslatorFactory
2019-03-22 09:38:58.088  WARN 2780 --- [           main] o.h.dialect.function.TemplateRenderer    : HHH000174: Function template anticipated 3 arguments, but 2 arguments encountered
2019-03-22 09:38:58.186  INFO 2780 --- [           main] c.i.j.j.s.EmployeServiceIntegrationTest  : Started EmployeServiceIntegrationTest in 0.544 seconds (JVM running for 9.537)
]]></system-out>
  </testcase>
</testsuite>